Traceback (most recent call last):
  File "/opt/hostedtoolcache/Python/3.10.15/x64/lib/python3.10/site-packages/jupyter_cache/executors/utils.py", line 58, in single_nb_execution
    executenb(
  File "/opt/hostedtoolcache/Python/3.10.15/x64/lib/python3.10/site-packages/nbclient/client.py", line 1314, in execute
    return NotebookClient(nb=nb, resources=resources, km=km, **kwargs).execute()
  File "/opt/hostedtoolcache/Python/3.10.15/x64/lib/python3.10/site-packages/jupyter_core/utils/__init__.py", line 165, in wrapped
    return loop.run_until_complete(inner)
  File "/opt/hostedtoolcache/Python/3.10.15/x64/lib/python3.10/asyncio/base_events.py", line 649, in run_until_complete
    return future.result()
  File "/opt/hostedtoolcache/Python/3.10.15/x64/lib/python3.10/site-packages/nbclient/client.py", line 709, in async_execute
    await self.async_execute_cell(
  File "/opt/hostedtoolcache/Python/3.10.15/x64/lib/python3.10/site-packages/nbclient/client.py", line 1062, in async_execute_cell
    await self._check_raise_for_error(cell, cell_index, exec_reply)
  File "/opt/hostedtoolcache/Python/3.10.15/x64/lib/python3.10/site-packages/nbclient/client.py", line 918, in _check_raise_for_error
    raise CellExecutionError.from_cell_and_msg(cell, exec_reply_content)
nbclient.exceptions.CellExecutionError: An error occurred while executing the following cell:
------------------
datapath = Path('../_static/data/')
beadpack = read_image(datapath / 'beadpack.tif')
gambier = read_image(datapath / 'mtgambier.tif')

fig = plt.figure(figsize=(12, 5))
gs = GridSpec(1, 3, width_ratios=[1, 1, 0.05], wspace=0.3)

# Create subplots
ax1 = fig.add_subplot(gs[0, 0])
ax2 = fig.add_subplot(gs[0, 1])
cax = fig.add_subplot(gs[0, 2])


im1 = ax1.imshow(beadpack[0,:,:], cmap='gray')
im2 = ax2.imshow(gambier[0,:,:], cmap='gray')

fig.colorbar(im1, cax=cax)

ax1.set_title('Glass Bead Pack',fontsize=14)
ax2.set_title('Mt. Gambier Limestone',fontsize=14)

plt.show()
------------------


[0;31m---------------------------------------------------------------------------[0m
[0;31mFileNotFoundError[0m                         Traceback (most recent call last)
[0;32m/tmp/ipykernel_1992/359712227.py[0m in [0;36m?[0;34m()[0m
[1;32m      1[0m [0mdatapath[0m [0;34m=[0m [0mPath[0m[0;34m([0m[0;34m'../_static/data/'[0m[0;34m)[0m[0;34m[0m[0;34m[0m[0m
[0;32m----> 2[0;31m [0mbeadpack[0m [0;34m=[0m [0mread_image[0m[0;34m([0m[0mdatapath[0m [0;34m/[0m [0;34m'beadpack.tif'[0m[0;34m)[0m[0;34m[0m[0;34m[0m[0m
[0m[1;32m      3[0m [0mgambier[0m [0;34m=[0m [0mread_image[0m[0;34m([0m[0mdatapath[0m [0;34m/[0m [0;34m'mtgambier.tif'[0m[0;34m)[0m[0;34m[0m[0;34m[0m[0m
[1;32m      4[0m [0;34m[0m[0m
[1;32m      5[0m [0mfig[0m [0;34m=[0m [0mplt[0m[0;34m.[0m[0mfigure[0m[0;34m([0m[0mfigsize[0m[0;34m=[0m[0;34m([0m[0;36m12[0m[0;34m,[0m [0;36m5[0m[0;34m)[0m[0;34m)[0m[0;34m[0m[0;34m[0m[0m

[0;32m~/work/dpm_tools/dpm_tools/dpm_tools/io/_read_data.py[0m in [0;36m?[0;34m(read_path, **kwargs)[0m
[1;32m    202[0m                  '.mat': _read_mat}
[1;32m    203[0m [0;34m[0m[0m
[1;32m    204[0m     [0mfiletype[0m [0;34m=[0m [0mread_path[0m[0;34m.[0m[0msuffix[0m[0;34m[0m[0;34m[0m[0m
[1;32m    205[0m [0;34m[0m[0m
[0;32m--> 206[0;31m     [0;32mreturn[0m [0mfiletypes[0m[0;34m.[0m[0mget[0m[0;34m([0m[0mfiletype[0m[0;34m.[0m[0mlower[0m[0;34m([0m[0;34m)[0m[0;34m,[0m [0m_not_implemented[0m[0;34m)[0m[0;34m([0m[0mread_path[0m[0;34m,[0m [0;34m**[0m[0mkwargs[0m[0;34m)[0m[0;34m[0m[0;34m[0m[0m
[0m
[0;32m~/work/dpm_tools/dpm_tools/dpm_tools/io/_read_data.py[0m in [0;36m?[0;34m(filepath, full_path, **kwargs)[0m
[1;32m     31[0m             [0mfilepath[0m [0;34m=[0m [0mfilepath[0m [0;34m/[0m [0mkwargs[0m[0;34m[[0m[0;34m'filename'[0m[0;34m][0m[0;34m[0m[0;34m[0m[0m
[1;32m     32[0m         [0;32mexcept[0m [0mFileNotFoundError[0m[0;34m:[0m[0;34m[0m[0;34m[0m[0m
[1;32m     33[0m             [0mprint[0m[0;34m([0m[0;34m'Please provide a filename'[0m[0;34m)[0m[0;34m[0m[0;34m[0m[0m
[1;32m     34[0m [0;34m[0m[0m
[0;32m---> 35[0;31m     [0;32mreturn[0m [0mtiffread[0m[0;34m([0m[0mfilepath[0m[0;34m)[0m[0;34m[0m[0;34m[0m[0m
[0m
[0;32m/opt/hostedtoolcache/Python/3.10.15/x64/lib/python3.10/site-packages/tifffile/tifffile.py[0m in [0;36m?[0;34m(***failed resolving arguments***)[0m
[1;32m   1249[0m [0;34m[0m[0m
[1;32m   1250[0m         if isinstance(files, str) or not isinstance(
[1;32m   1251[0m             [0mfiles[0m[0;34m,[0m [0mcollections[0m[0;34m.[0m[0mabc[0m[0;34m.[0m[0mSequence[0m[0;34m[0m[0;34m[0m[0m
[1;32m   1252[0m         ):
[0;32m-> 1253[0;31m             with TiffFile(
[0m[1;32m   1254[0m                 [0mfiles[0m[0;34m,[0m[0;34m[0m[0;34m[0m[0m
[1;32m   1255[0m                 [0mmode[0m[0;34m=[0m[0mmode[0m[0;34m,[0m[0;34m[0m[0;34m[0m[0m
[1;32m   1256[0m                 [0mname[0m[0;34m=[0m[0mname[0m[0;34m,[0m[0;34m[0m[0;34m[0m[0m

[0;32m/opt/hostedtoolcache/Python/3.10.15/x64/lib/python3.10/site-packages/tifffile/tifffile.py[0m in [0;36m?[0;34m(self, file, mode, name, offset, size, omexml, _multifile, _useframes, _parent, **is_flags)[0m
[1;32m   4314[0m                 [0;32mraise[0m [0mValueError[0m[0;34m([0m[0;34m'invalid OME-XML'[0m[0;34m)[0m[0;34m[0m[0;34m[0m[0m
[1;32m   4315[0m             [0mself[0m[0;34m.[0m[0m_omexml[0m [0;34m=[0m [0momexml[0m[0;34m[0m[0;34m[0m[0m
[1;32m   4316[0m             [0mself[0m[0;34m.[0m[0mis_ome[0m [0;34m=[0m [0;32mTrue[0m[0;34m[0m[0;34m[0m[0m
[1;32m   4317[0m [0;34m[0m[0m
[0;32m-> 4318[0;31m         [0mfh[0m [0;34m=[0m [0mFileHandle[0m[0;34m([0m[0mfile[0m[0;34m,[0m [0mmode[0m[0;34m=[0m[0mmode[0m[0;34m,[0m [0mname[0m[0;34m=[0m[0mname[0m[0;34m,[0m [0moffset[0m[0;34m=[0m[0moffset[0m[0;34m,[0m [0msize[0m[0;34m=[0m[0msize[0m[0;34m)[0m[0;34m[0m[0;34m[0m[0m
[0m[1;32m   4319[0m         [0mself[0m[0;34m.[0m[0m_fh[0m [0;34m=[0m [0mfh[0m[0;34m[0m[0;34m[0m[0m
[1;32m   4320[0m         [0mself[0m[0;34m.[0m[0m_multifile[0m [0;34m=[0m [0;32mTrue[0m [0;32mif[0m [0m_multifile[0m [0;32mis[0m [0;32mNone[0m [0;32melse[0m [0mbool[0m[0;34m([0m[0m_multifile[0m[0;34m)[0m[0;34m[0m[0;34m[0m[0m
[1;32m   4321[0m         [0mself[0m[0;34m.[0m[0m_files[0m [0;34m=[0m [0;34m{[0m[0mfh[0m[0;34m.[0m[0mname[0m[0;34m:[0m [0mself[0m[0;34m}[0m[0;34m[0m[0;34m[0m[0m

[0;32m/opt/hostedtoolcache/Python/3.10.15/x64/lib/python3.10/site-packages/tifffile/tifffile.py[0m in [0;36m?[0;34m(self, file, mode, name, offset, size)[0m
[1;32m  14723[0m         [0mself[0m[0;34m.[0m[0m_offset[0m [0;34m=[0m [0;34m-[0m[0;36m1[0m [0;32mif[0m [0moffset[0m [0;32mis[0m [0;32mNone[0m [0;32melse[0m [0moffset[0m[0;34m[0m[0;34m[0m[0m
[1;32m  14724[0m         [0mself[0m[0;34m.[0m[0m_size[0m [0;34m=[0m [0;34m-[0m[0;36m1[0m [0;32mif[0m [0msize[0m [0;32mis[0m [0;32mNone[0m [0;32melse[0m [0msize[0m[0;34m[0m[0;34m[0m[0m
[1;32m  14725[0m         [0mself[0m[0;34m.[0m[0m_close[0m [0;34m=[0m [0;32mTrue[0m[0;34m[0m[0;34m[0m[0m
[1;32m  14726[0m         [0mself[0m[0;34m.[0m[0m_lock[0m [0;34m=[0m [0mNullContext[0m[0;34m([0m[0;34m)[0m[0;34m[0m[0;34m[0m[0m
[0;32m> 14727[0;31m         [0mself[0m[0;34m.[0m[0mopen[0m[0;34m([0m[0;34m)[0m[0;34m[0m[0;34m[0m[0m
[0m[1;32m  14728[0m         [0;32massert[0m [0mself[0m[0;34m.[0m[0m_fh[0m [0;32mis[0m [0;32mnot[0m [0;32mNone[0m[0;34m[0m[0;34m[0m[0m

[0;32m/opt/hostedtoolcache/Python/3.10.15/x64/lib/python3.10/site-packages/tifffile/tifffile.py[0m in [0;36m?[0;34m(self)[0m
[1;32m  14742[0m             [0;32mif[0m [0mself[0m[0;34m.[0m[0m_mode[0m [0;32mnot[0m [0;32min[0m [0;34m{[0m[0;34m'rb'[0m[0;34m,[0m [0;34m'r+b'[0m[0;34m,[0m [0;34m'wb'[0m[0;34m,[0m [0;34m'xb'[0m[0;34m}[0m[0;34m:[0m[0;34m[0m[0;34m[0m[0m
[1;32m  14743[0m                 [0;32mraise[0m [0mValueError[0m[0;34m([0m[0;34mf'invalid mode {self._mode}'[0m[0;34m)[0m[0;34m[0m[0;34m[0m[0m
[1;32m  14744[0m             [0mself[0m[0;34m.[0m[0m_file[0m [0;34m=[0m [0mos[0m[0;34m.[0m[0mpath[0m[0;34m.[0m[0mrealpath[0m[0;34m([0m[0mself[0m[0;34m.[0m[0m_file[0m[0;34m)[0m[0;34m[0m[0;34m[0m[0m
[1;32m  14745[0m             [0mself[0m[0;34m.[0m[0m_dir[0m[0;34m,[0m [0mself[0m[0;34m.[0m[0m_name[0m [0;34m=[0m [0mos[0m[0;34m.[0m[0mpath[0m[0;34m.[0m[0msplit[0m[0;34m([0m[0mself[0m[0;34m.[0m[0m_file[0m[0;34m)[0m[0;34m[0m[0;34m[0m[0m
[0;32m> 14746[0;31m             [0mself[0m[0;34m.[0m[0m_fh[0m [0;34m=[0m [0mopen[0m[0;34m([0m[0mself[0m[0;34m.[0m[0m_file[0m[0;34m,[0m [0mself[0m[0;34m.[0m[0m_mode[0m[0;34m,[0m [0mencoding[0m[0;34m=[0m[0;32mNone[0m[0;34m)[0m[0;34m[0m[0;34m[0m[0m
[0m[1;32m  14747[0m             [0mself[0m[0;34m.[0m[0m_close[0m [0;34m=[0m [0;32mTrue[0m[0;34m[0m[0;34m[0m[0m
[1;32m  14748[0m             [0mself[0m[0;34m.[0m[0m_offset[0m [0;34m=[0m [0mmax[0m[0;34m([0m[0;36m0[0m[0;34m,[0m [0mself[0m[0;34m.[0m[0m_offset[0m[0;34m)[0m[0;34m[0m[0;34m[0m[0m
[1;32m  14749[0m         [0;32melif[0m [0misinstance[0m[0;34m([0m[0mself[0m[0;34m.[0m[0m_file[0m[0;34m,[0m [0mFileHandle[0m[0;34m)[0m[0;34m:[0m[0;34m[0m[0;34m[0m[0m

[0;31mFileNotFoundError[0m: [Errno 2] No such file or directory: '/home/runner/work/dpm_tools/dpm_tools/docs/_static/data/beadpack.tif'

